

task contains conditional effects. turning off state domination.

 --- OK.
 Match tree built with 40 nodes.

PDDL problem description loaded: 
	Domain: GRAPEVINE
	Problem: GRAPEVINE-PROB
	#Actions: 40
	#Fluents: 240
Goals found: 2
Goals_Edges found: 3
Starting search with 1-BFWS...
--[2 / 0]--
--[2 / 27]--
--[1 / 0]--
--[1 / 27]--
Total time: 0.001218
Nodes generated during search: 50
Nodes expanded during search: 42
Plan found with cost: NOTFOUND
Fast-BFS search completed in 0.001218 secs


task contains conditional effects. turning off state domination.

 --- OK.
 Match tree built with 40 nodes.

PDDL problem description loaded: 
	Domain: GRAPEVINE
	Problem: GRAPEVINE-PROB
	#Actions: 40
	#Fluents: 240
Goals found: 2
Goals_Edges found: 3
Starting search with BFWS-f5...
--[2 / 0]--
--[2 / 27]--
--[1 / 0]--
--[1 / 27]--
--[0 / 0]--
--[0 / 27]--
Total time: 0.011269
Nodes generated during search: 4234
Nodes expanded during search: 396
Plan found with cost: 5
Fast-BFS search completed in 0.011269 secs
Solving...
/usr/local/lib/python3.6/dist-packages/PDKB_Planning_Library-0.1-py3.6.egg/pdkb/planners/bfws --domain pdkb-domain.pddl  --problem pdkb-problem.pddl --output pdkb-plan.txt --1-BFWS 1
/usr/local/lib/python3.6/dist-packages/PDKB_Planning_Library-0.1-py3.6.egg/pdkb/planners/bfws --domain pdkb-domain.pddl  --problem pdkb-problem.pddl --output pdkb-plan.txt --BFWS-f5 1 --max_novelty 1
Done!
