
warning: empty con/disjunction in domain definition. simplifying.



task contains conditional effects. turning off state domination.

 --- OK.
 Match tree built with 113 nodes.

PDDL problem description loaded: 
	Domain: GRAPEVINE
	Problem: GRAPEVINE-PROB
	#Actions: 113
	#Fluents: 933
Goals found: 6
Goals_Edges found: 15
Starting search with 1-BFWS...
--[12 / 0]--
--[12 / 17]--
--[5 / 0]--
--[5 / 101]--
--[0 / 0]--
--[0 / 84]--
Total time: 0.038475
Nodes generated during search: 57
Nodes expanded during search: 13
Plan found with cost: 5
Fast-BFS search completed in 0.038475 secs
Solving...
/usr/local/lib/python3.6/dist-packages/PDKB_Planning_Library-0.1-py3.6.egg/pdkb/planners/bfws --domain pdkb-domain.pddl  --problem pdkb-problem.pddl --output pdkb-plan.txt --1-BFWS 1
Done!
