
warning: empty con/disjunction in domain definition. simplifying.



task contains conditional effects. turning off state domination.

 --- OK.
 Match tree built with 113 nodes.

PDDL problem description loaded: 
	Domain: GRAPEVINE
	Problem: GRAPEVINE-PROB
	#Actions: 113
	#Fluents: 164
Goals found: 4
Goals_Edges found: 8
Starting search with 1-BFWS...
--[6 / 0]--
--[6 / 2]--
--[6 / 11]--
--[4 / 0]--
--[4 / 12]--
--[3 / 0]--
--[3 / 12]--
--[0 / 0]--
--[0 / 11]--
Total time: 0.000886
Nodes generated during search: 80
Nodes expanded during search: 15
Plan found with cost: 4
Fast-BFS search completed in 0.000886 secs
Solving...
/usr/local/lib/python3.6/dist-packages/PDKB_Planning_Library-0.1-py3.6.egg/pdkb/planners/bfws --domain pdkb-domain.pddl  --problem pdkb-problem.pddl --output pdkb-plan.txt --1-BFWS 1
Done!
