 --- OK.
 Match tree built with 15 nodes.

PDDL problem description loaded: 
	Domain: CORRIDOR
	Problem: CORRIDOR-PROB
	#Actions: 15
	#Fluents: 4090
Goals found: 4
Goals_Edges found: 4
Starting search with 1-BFWS...
--[2 / 0]--
--[2 / 2]--
--[2 / 159]--
--[2 / 1101]--
--[2 / 1729]--
--[2 / 2671]--
--[1 / 0]--
--[1 / 1101]--
--[1 / 1572]--
--[0 / 0]--
--[0 / 630]--
Total time: 0.034274
Nodes generated during search: 38
Nodes expanded during search: 16
Plan found with cost: 8
Fast-BFS search completed in 0.034274 secs
Solving...
/usr/local/lib/python3.6/dist-packages/PDKB_Planning_Library-0.1-py3.6.egg/pdkb/planners/bfws --domain pdkb-domain.pddl  --problem pdkb-problem.pddl --output pdkb-plan.txt --1-BFWS 1
Done!
