
warning: empty con/disjunction in domain definition. simplifying.



task contains conditional effects. turning off state domination.

 --- OK.
 Match tree built with 113 nodes.

PDDL problem description loaded: 
	Domain: GRAPEVINE
	Problem: GRAPEVINE-PROB
	#Actions: 113
	#Fluents: 164
Goals found: 8
Goals_Edges found: 24
Starting search with 1-BFWS...
--[20 / 0]--
--[20 / 4]--
--[16 / 0]--
--[16 / 11]--
--[16 / 12]--
--[15 / 0]--
--[15 / 12]--
--[10 / 0]--
--[10 / 11]--
--[10 / 12]--
--[10 / 13]--
--[5 / 0]--
--[5 / 12]--
--[0 / 0]--
--[0 / 11]--
Total time: 0.001989
Nodes generated during search: 108
Nodes expanded during search: 14
Plan found with cost: 7
Fast-BFS search completed in 0.001989 secs
Solving...
/usr/local/lib/python3.6/dist-packages/PDKB_Planning_Library-0.1-py3.6.egg/pdkb/planners/bfws --domain pdkb-domain.pddl  --problem pdkb-problem.pddl --output pdkb-plan.txt --1-BFWS 1
Done!
