

task contains conditional effects. turning off state domination.

 --- OK.
 Match tree built with 249 nodes.

PDDL problem description loaded: 
	Domain: GRID
	Problem: GRID-PROB
	#Actions: 249
	#Fluents: 394
Goals found: 39
Goals_Edges found: 39
Starting search with 1-BFWS...
--[37 / 0]--
--[36 / 0]--
--[36 / 3]--
--[35 / 0]--
--[35 / 3]--
--[34 / 0]--
--[34 / 3]--
--[34 / 4]--
--[34 / 10]--
--[33 / 0]--
--[33 / 8]--
--[33 / 10]--
--[32 / 0]--
--[32 / 2]--
--[32 / 3]--
--[32 / 4]--
--[32 / 10]--
--[31 / 0]--
--[31 / 3]--
--[31 / 4]--
--[31 / 10]--
--[30 / 0]--
--[30 / 8]--
--[30 / 10]--
--[29 / 0]--
--[29 / 10]--
--[28 / 0]--
--[28 / 3]--
--[27 / 0]--
--[27 / 8]--
--[27 / 10]--
--[26 / 0]--
--[26 / 2]--
--[26 / 3]--
--[26 / 4]--
--[26 / 10]--
--[25 / 0]--
--[25 / 3]--
--[24 / 0]--
--[24 / 8]--
--[24 / 10]--
--[23 / 0]--
--[23 / 3]--
--[23 / 4]--
--[23 / 10]--
--[22 / 0]--
--[22 / 3]--
--[21 / 0]--
--[21 / 8]--
--[21 / 10]--
--[20 / 0]--
--[20 / 3]--
--[19 / 0]--
--[19 / 8]--
--[19 / 10]--
--[18 / 0]--
--[18 / 3]--
--[18 / 4]--
--[18 / 10]--
--[18 / 13]--
--[17 / 0]--
--[17 / 6]--
--[16 / 0]--
--[16 / 8]--
--[16 / 10]--
--[15 / 0]--
--[15 / 3]--
--[14 / 0]--
--[14 / 8]--
--[14 / 10]--
--[13 / 0]--
--[13 / 3]--
--[13 / 4]--
--[13 / 10]--
--[13 / 13]--
--[12 / 0]--
--[12 / 6]--
--[11 / 0]--
--[11 / 8]--
--[11 / 10]--
--[10 / 0]--
--[10 / 3]--
--[10 / 4]--
--[10 / 10]--
--[10 / 12]--
--[9 / 0]--
--[9 / 6]--
--[8 / 0]--
--[8 / 3]--
--[8 / 4]--
--[8 / 5]--
--[8 / 6]--
--[7 / 0]--
--[7 / 6]--
--[6 / 0]--
--[6 / 3]--
--[6 / 8]--
--[5 / 0]--
--[5 / 3]--
--[5 / 4]--
--[5 / 5]--
--[5 / 6]--
--[4 / 0]--
--[4 / 6]--
--[4 / 8]--
--[4 / 9]--
--[4 / 10]--
--[4 / 16]--
--[4 / 21]--
--[3 / 0]--
--[3 / 13]--
--[2 / 0]--
--[2 / 9]--
--[1 / 0]--
--[1 / 3]--
--[1 / 6]--
--[1 / 9]--
--[1 / 10]--
--[1 / 16]--
--[1 / 19]--
--[0 / 0]--
--[0 / 9]--
Total time: 0.016195
Nodes generated during search: 1039
Nodes expanded during search: 279
Plan found with cost: 59
Fast-BFS search completed in 0.016195 secs
Solving...
/usr/local/lib/python3.6/dist-packages/PDKB_Planning_Library-0.1-py3.6.egg/pdkb/planners/bfws --domain pdkb-domain.pddl  --problem pdkb-problem.pddl --output pdkb-plan.txt --1-BFWS 1
Done!
