 --- OK.
 Match tree built with 105 nodes.

PDDL problem description loaded: 
	Domain: HANABI
	Problem: HANABI-PROB
	#Actions: 105
	#Fluents: 1125
Goals found: 3
Goals_Edges found: 3
Starting search with 1-BFWS...
--[3 / 0]--
--[3 / 10]--
--[3 / 14]--
--[3 / 15]--
--[3 / 17]--
--[3 / 20]--
--[3 / 24]--
--[3 / 28]--
--[3 / 34]--
--[3 / 38]--
--[3 / 47]--
--[3 / 51]--
--[3 / 52]--
--[3 / 56]--
--[3 / 57]--
--[3 / 61]--
--[3 / 63]--
--[3 / 65]--
--[3 / 66]--
--[3 / 67]--
--[3 / 71]--
--[3 / 75]--
--[3 / 79]--
--[3 / 82]--
--[3 / 83]--
--[3 / 85]--
--[3 / 89]--
--[3 / 100]--
--[3 / 102]--
--[3 / 103]--
--[3 / 106]--
--[3 / 110]--
--[3 / 114]--
--[3 / 116]--
--[3 / 117]--
--[3 / 118]--
--[3 / 126]--
--[3 / 130]--
--[3 / 134]--
--[3 / 135]--
--[3 / 136]--
--[3 / 140]--
--[3 / 143]--
--[3 / 151]--
--[3 / 153]--
--[3 / 159]--
--[3 / 163]--
--[3 / 165]--
--[3 / 167]--
--[3 / 169]--
--[3 / 173]--
--[3 / 174]--
--[3 / 175]--
--[3 / 179]--
--[3 / 181]--
--[3 / 184]--
--[3 / 187]--
--[3 / 189]--
--[3 / 200]--
--[3 / 203]--
--[3 / 207]--
--[3 / 210]--
--[3 / 212]--
--[3 / 214]--
--[3 / 216]--
--[3 / 218]--
--[3 / 220]--
--[3 / 224]--
--[3 / 226]--
--[3 / 228]--
--[3 / 232]--
--[3 / 234]--
--[3 / 235]--
--[3 / 238]--
--[3 / 240]--
--[3 / 242]--
--[3 / 249]--
--[3 / 252]--
--[3 / 256]--
--[3 / 263]--
--[3 / 265]--
--[3 / 267]--
--[3 / 269]--
--[3 / 271]--
--[3 / 273]--
--[3 / 275]--
--[3 / 277]--
--[3 / 279]--
--[3 / 281]--
--[3 / 283]--
--[3 / 287]--
--[3 / 289]--
--[3 / 293]--
--[3 / 298]--
--[3 / 301]--
--[3 / 303]--
--[3 / 305]--
--[3 / 307]--
--[3 / 314]--
--[3 / 318]--
--[3 / 320]--
--[3 / 321]--
--[3 / 328]--
--[3 / 330]--
--[3 / 334]--
--[3 / 336]--
--[3 / 340]--
--[3 / 344]--
--[3 / 351]--
--[3 / 354]--
--[3 / 361]--
--[2 / 0]--
--[2 / 367]--
--[1 / 0]--
--[1 / 196]--
--[0 / 0]--
--[0 / 186]--
Total time: 7.3892
Nodes generated during search: 21655
Nodes expanded during search: 20088
Plan found with cost: 45
Fast-BFS search completed in 7.3892 secs
Solving...
/usr/local/lib/python3.6/dist-packages/PDKB_Planning_Library-0.1-py3.6.egg/pdkb/planners/bfws --domain pdkb-domain.pddl  --problem pdkb-problem.pddl --output pdkb-plan.txt --1-BFWS 1
Done!
