

task contains conditional effects. turning off state domination.

 --- OK.
 Match tree built with 150 nodes.

PDDL problem description loaded: 
	Domain: GRID
	Problem: GRID-PROB
	#Actions: 150
	#Fluents: 283
Goals found: 30
Goals_Edges found: 30
Starting search with 1-BFWS...
--[28 / 0]--
--[27 / 0]--
--[27 / 3]--
--[26 / 0]--
--[26 / 3]--
--[25 / 0]--
--[25 / 3]--
--[25 / 4]--
--[25 / 10]--
--[24 / 0]--
--[24 / 8]--
--[24 / 10]--
--[23 / 0]--
--[23 / 2]--
--[23 / 3]--
--[23 / 4]--
--[23 / 10]--
--[22 / 0]--
--[22 / 3]--
--[22 / 4]--
--[22 / 10]--
--[21 / 0]--
--[21 / 8]--
--[21 / 10]--
--[20 / 0]--
--[20 / 10]--
--[19 / 0]--
--[19 / 3]--
--[18 / 0]--
--[18 / 8]--
--[18 / 10]--
--[17 / 0]--
--[17 / 3]--
--[16 / 0]--
--[16 / 8]--
--[16 / 10]--
--[15 / 0]--
--[15 / 3]--
--[15 / 4]--
--[15 / 10]--
--[14 / 0]--
--[14 / 3]--
--[13 / 0]--
--[13 / 8]--
--[13 / 10]--
--[12 / 0]--
--[12 / 2]--
--[12 / 3]--
--[12 / 4]--
--[12 / 10]--
--[11 / 0]--
--[11 / 3]--
--[11 / 4]--
--[11 / 10]--
--[11 / 13]--
--[10 / 0]--
--[10 / 6]--
--[10 / 10]--
--[9 / 0]--
--[9 / 8]--
--[9 / 10]--
--[8 / 0]--
--[8 / 3]--
--[8 / 4]--
--[8 / 10]--
--[7 / 0]--
--[7 / 3]--
--[7 / 5]--
--[7 / 6]--
--[7 / 7]--
--[7 / 13]--
--[6 / 0]--
--[6 / 6]--
--[5 / 0]--
--[5 / 3]--
--[5 / 8]--
--[4 / 0]--
--[4 / 3]--
--[4 / 5]--
--[4 / 6]--
--[4 / 7]--
--[4 / 13]--
--[3 / 0]--
--[3 / 10]--
--[2 / 0]--
--[2 / 9]--
--[1 / 0]--
--[1 / 3]--
--[1 / 6]--
--[1 / 9]--
--[1 / 10]--
--[1 / 16]--
--[1 / 19]--
--[1 / 22]--
--[0 / 0]--
--[0 / 9]--
Total time: 0.010431
Nodes generated during search: 796
Nodes expanded during search: 230
Plan found with cost: 46
Fast-BFS search completed in 0.010431 secs
Solving...
/usr/local/lib/python3.6/dist-packages/PDKB_Planning_Library-0.1-py3.6.egg/pdkb/planners/bfws --domain pdkb-domain.pddl  --problem pdkb-problem.pddl --output pdkb-plan.txt --1-BFWS 1
Done!
