
warning: empty con/disjunction in domain definition. simplifying.



task contains conditional effects. turning off state domination.

 --- OK.
 Match tree built with 113 nodes.

PDDL problem description loaded: 
	Domain: GRAPEVINE
	Problem: GRAPEVINE-PROB
	#Actions: 113
	#Fluents: 933
Goals found: 12
Goals_Edges found: 48
Starting search with 1-BFWS...
--[42 / 0]--
--[42 / 17]--
--[32 / 0]--
--[32 / 101]--
--[30 / 0]--
--[30 / 98]--
--[30 / 101]--
--[24 / 0]--
--[24 / 84]--
--[23 / 0]--
--[23 / 82]--
--[23 / 84]--
--[23 / 87]--
--[14 / 0]--
--[14 / 86]--
--[14 / 87]--
--[0 / 0]--
--[0 / 84]--
Total time: 0.0274999
Nodes generated during search: 109
Nodes expanded during search: 17
Plan found with cost: 7
Fast-BFS search completed in 0.0274999 secs
Solving...
/usr/local/lib/python3.6/dist-packages/PDKB_Planning_Library-0.1-py3.6.egg/pdkb/planners/bfws --domain pdkb-domain.pddl  --problem pdkb-problem.pddl --output pdkb-plan.txt --1-BFWS 1
Done!
