

task contains conditional effects. turning off state domination.

 --- OK.
 Match tree built with 156 nodes.

PDDL problem description loaded: 
	Domain: GRID
	Problem: GRID-PROB
	#Actions: 156
	#Fluents: 294
Goals found: 33
Goals_Edges found: 33
Starting search with 1-BFWS...
--[21 / 0]--
--[21 / 3]--
--[21 / 7]--
--[20 / 0]--
--[20 / 5]--
--[20 / 7]--
--[19 / 0]--
--[19 / 5]--
--[19 / 7]--
--[18 / 0]--
--[18 / 5]--
--[18 / 7]--
--[17 / 0]--
--[17 / 8]--
--[15 / 0]--
--[15 / 10]--
--[14 / 0]--
--[14 / 6]--
--[14 / 8]--
--[14 / 10]--
--[13 / 0]--
--[13 / 8]--
--[13 / 11]--
--[12 / 0]--
--[12 / 8]--
--[10 / 0]--
--[10 / 10]--
--[9 / 0]--
--[9 / 6]--
--[9 / 8]--
--[9 / 11]--
--[7 / 0]--
--[7 / 10]--
--[7 / 11]--
--[6 / 0]--
--[6 / 6]--
--[6 / 8]--
--[6 / 10]--
--[6 / 11]--
--[6 / 13]--
--[6 / 14]--
--[6 / 15]--
--[6 / 16]--
--[6 / 17]--
--[6 / 21]--
--[6 / 23]--
--[6 / 24]--
--[6 / 26]--
--[6 / 30]--
--[6 / 32]--
--[6 / 33]--
--[6 / 34]--
--[6 / 35]--
--[6 / 41]--
--[6 / 47]--
--[4 / 0]--
--[4 / 11]--
--[4 / 17]--
--[2 / 0]--
--[2 / 7]--
--[2 / 9]--
--[2 / 11]--
--[2 / 15]--
--[2 / 17]--
--[2 / 20]--
--[2 / 21]--
--[2 / 27]--
--[2 / 28]--
--[2 / 29]--
--[2 / 30]--
--[2 / 36]--
--[2 / 38]--
--[2 / 39]--
--[2 / 41]--
--[2 / 42]--
--[2 / 43]--
--[2 / 44]--
--[2 / 46]--
--[2 / 47]--
--[2 / 48]--
--[2 / 49]--
--[2 / 50]--
--[2 / 53]--
--[2 / 55]--
--[2 / 57]--
--[2 / 58]--
--[2 / 62]--
--[2 / 64]--
--[2 / 65]--
--[2 / 66]--
--[2 / 68]--
--[2 / 69]--
--[2 / 72]--
--[2 / 74]--
--[2 / 75]--
--[2 / 76]--
--[2 / 78]--
--[2 / 79]--
--[2 / 84]--
--[2 / 85]--
Total time: 2.6484
Nodes generated during search: 92997
Nodes expanded during search: 89764
Plan found with cost: NOTFOUND
Fast-BFS search completed in 2.6484 secs


task contains conditional effects. turning off state domination.

 --- OK.
 Match tree built with 156 nodes.

PDDL problem description loaded: 
	Domain: GRID
	Problem: GRID-PROB
	#Actions: 156
	#Fluents: 294
Goals found: 33
Goals_Edges found: 33
Starting search with BFWS-f5...
--[21 / 0]--
--[21 / 3]--
--[21 / 7]--
--[20 / 0]--
--[20 / 5]--
--[20 / 7]--
--[19 / 0]--
--[19 / 5]--
--[19 / 7]--
--[18 / 0]--
--[18 / 5]--
--[18 / 7]--
--[17 / 0]--
--[17 / 8]--
--[15 / 0]--
--[15 / 10]--
--[14 / 0]--
--[14 / 6]--
--[14 / 8]--
--[14 / 10]--
--[13 / 0]--
--[13 / 8]--
--[13 / 11]--
--[12 / 0]--
--[12 / 8]--
--[10 / 0]--
--[10 / 10]--
--[9 / 0]--
--[9 / 6]--
--[9 / 8]--
--[7 / 0]--
--[7 / 10]--
--[7 / 11]--
--[6 / 0]--
--[6 / 6]--
--[6 / 8]--
--[6 / 10]--
--[6 / 11]--
--[6 / 13]--
--[6 / 14]--
--[6 / 15]--
--[6 / 16]--
--[6 / 17]--
--[6 / 18]--
--[6 / 19]--
--[6 / 20]--
--[6 / 21]--
--[6 / 24]--
--[6 / 26]--
--[6 / 27]--
--[6 / 30]--
--[6 / 32]--
--[6 / 33]--
--[6 / 35]--
--[6 / 37]--
--[6 / 40]--
--[6 / 41]--
--[6 / 45]--
--[6 / 47]--
--[6 / 48]--
--[6 / 50]--
--[6 / 54]--
--[6 / 56]--
--[6 / 58]--
--[6 / 62]--
--[6 / 64]--
--[6 / 65]--
--[6 / 68]--
--[6 / 69]--
--[6 / 70]--
--[6 / 71]--
--[6 / 73]--
--[6 / 75]--
--[6 / 76]--
--[6 / 77]--
--[6 / 78]--
--[6 / 79]--
--[6 / 80]--
--[6 / 81]--
--[6 / 82]--
--[4 / 0]--
--[4 / 15]--
--[4 / 16]--
--[4 / 17]--
--[4 / 22]--
--[2 / 0]--
--[2 / 16]--
--[2 / 17]--
--[2 / 24]--
--[2 / 25]--
--[2 / 28]--
--[2 / 30]--
--[2 / 31]--
--[0 / 0]--
--[0 / 13]--
Total time: 4.05478
Nodes generated during search: 1745009
Nodes expanded during search: 119003
Plan found with cost: 36
Fast-BFS search completed in 4.05478 secs
Solving...
/usr/local/lib/python3.6/dist-packages/PDKB_Planning_Library-0.1-py3.6.egg/pdkb/planners/bfws --domain pdkb-domain.pddl  --problem pdkb-problem.pddl --output pdkb-plan.txt --1-BFWS 1
/usr/local/lib/python3.6/dist-packages/PDKB_Planning_Library-0.1-py3.6.egg/pdkb/planners/bfws --domain pdkb-domain.pddl  --problem pdkb-problem.pddl --output pdkb-plan.txt --BFWS-f5 1 --max_novelty 1
Done!
