 --- OK.
 Match tree built with 11 nodes.

PDDL problem description loaded: 
	Domain: CORRIDOR
	Problem: CORRIDOR-PROB
	#Actions: 11
	#Fluents: 134
Goals found: 2
Goals_Edges found: 3
Starting search with 1-BFWS...
--[2 / 0]--
--[2 / 2]--
--[2 / 23]--
--[1 / 0]--
--[1 / 65]--
--[0 / 0]--
--[0 / 44]--
Total time: 0.000194
Nodes generated during search: 17
Nodes expanded during search: 10
Plan found with cost: 5
Fast-BFS search completed in 0.000194 secs
Solving...
/usr/local/lib/python3.6/dist-packages/PDKB_Planning_Library-0.1-py3.6.egg/pdkb/planners/bfws --domain pdkb-domain.pddl  --problem pdkb-problem.pddl --output pdkb-plan.txt --1-BFWS 1
Done!
