

task contains conditional effects. turning off state domination.

 --- OK.
 Match tree built with 200 nodes.

PDDL problem description loaded: 
	Domain: GRID
	Problem: GRID-PROB
	#Actions: 200
	#Fluents: 367
Goals found: 32
Goals_Edges found: 32
Starting search with 1-BFWS...
--[29 / 0]--
--[28 / 0]--
--[28 / 3]--
--[27 / 0]--
--[27 / 3]--
--[26 / 0]--
--[26 / 3]--
--[26 / 5]--
--[26 / 13]--
--[25 / 0]--
--[25 / 11]--
--[25 / 13]--
--[24 / 0]--
--[24 / 1]--
--[24 / 3]--
--[24 / 5]--
--[24 / 13]--
--[23 / 0]--
--[23 / 3]--
--[23 / 5]--
--[23 / 13]--
--[22 / 0]--
--[22 / 11]--
--[22 / 13]--
--[21 / 0]--
--[21 / 13]--
--[20 / 0]--
--[20 / 3]--
--[19 / 0]--
--[19 / 11]--
--[19 / 13]--
--[18 / 0]--
--[18 / 3]--
--[18 / 5]--
--[18 / 13]--
--[17 / 0]--
--[17 / 3]--
--[17 / 5]--
--[17 / 13]--
--[16 / 0]--
--[16 / 3]--
--[16 / 5]--
--[16 / 13]--
--[15 / 0]--
--[15 / 3]--
--[14 / 0]--
--[14 / 11]--
--[14 / 13]--
--[13 / 0]--
--[13 / 3]--
--[12 / 0]--
--[12 / 11]--
--[12 / 13]--
--[11 / 0]--
--[11 / 3]--
--[10 / 0]--
--[10 / 11]--
--[10 / 13]--
--[9 / 0]--
--[9 / 2]--
--[9 / 3]--
--[9 / 5]--
--[9 / 13]--
--[9 / 16]--
--[8 / 0]--
--[8 / 6]--
--[8 / 13]--
--[7 / 0]--
--[7 / 3]--
--[6 / 0]--
--[6 / 11]--
--[6 / 13]--
--[5 / 0]--
--[5 / 3]--
--[5 / 5]--
--[5 / 6]--
--[5 / 8]--
--[5 / 16]--
--[4 / 0]--
--[4 / 6]--
--[3 / 0]--
--[3 / 3]--
--[3 / 5]--
--[3 / 6]--
--[3 / 8]--
--[3 / 16]--
--[3 / 18]--
--[3 / 19]--
--[3 / 21]--
--[3 / 22]--
--[2 / 0]--
--[2 / 12]--
--[2 / 19]--
--[2 / 22]--
--[2 / 24]--
--[1 / 0]--
--[1 / 9]--
--[1 / 13]--
--[1 / 18]--
--[1 / 21]--
--[1 / 22]--
--[1 / 25]--
--[0 / 0]--
--[0 / 9]--
Total time: 0.026543
Nodes generated during search: 1237
Nodes expanded during search: 397
Plan found with cost: 49
Fast-BFS search completed in 0.026543 secs
Solving...
/usr/local/lib/python3.6/dist-packages/PDKB_Planning_Library-0.1-py3.6.egg/pdkb/planners/bfws --domain pdkb-domain.pddl  --problem pdkb-problem.pddl --output pdkb-plan.txt --1-BFWS 1
Done!
