 --- OK.
 Match tree built with 15 nodes.

PDDL problem description loaded: 
	Domain: CORRIDOR
	Problem: CORRIDOR-PROB
	#Actions: 15
	#Fluents: 1322
Goals found: 4
Goals_Edges found: 4
Starting search with 1-BFWS...
--[2 / 0]--
--[2 / 2]--
--[2 / 75]--
--[2 / 367]--
--[2 / 659]--
--[2 / 951]--
--[1 / 0]--
--[1 / 367]--
--[1 / 586]--
--[0 / 0]--
--[0 / 294]--
Total time: 0.004416
Nodes generated during search: 37
Nodes expanded during search: 16
Plan found with cost: 8
Fast-BFS search completed in 0.004416 secs
Solving...
/usr/local/lib/python3.6/dist-packages/PDKB_Planning_Library-0.1-py3.6.egg/pdkb/planners/bfws --domain pdkb-domain.pddl  --problem pdkb-problem.pddl --output pdkb-plan.txt --1-BFWS 1
Done!
