
warning: empty con/disjunction in domain definition. simplifying.



task contains conditional effects. turning off state domination.

 --- OK.
 Match tree built with 113 nodes.

PDDL problem description loaded: 
	Domain: GRAPEVINE
	Problem: GRAPEVINE-PROB
	#Actions: 113
	#Fluents: 933
Goals found: 12
Goals_Edges found: 48
Starting search with 1-BFWS...
--[42 / 0]--
--[42 / 17]--
--[42 / 101]--
--[23 / 0]--
--[23 / 98]--
--[23 / 101]--
--[14 / 0]--
--[14 / 86]--
--[14 / 87]--
--[0 / 0]--
--[0 / 87]--
Total time: 0.015275
Nodes generated during search: 88
Nodes expanded during search: 11
Plan found with cost: 7
Fast-BFS search completed in 0.015275 secs
Solving...
/usr/local/lib/python3.6/dist-packages/PDKB_Planning_Library-0.1-py3.6.egg/pdkb/planners/bfws --domain pdkb-domain.pddl  --problem pdkb-problem.pddl --output pdkb-plan.txt --1-BFWS 1
Done!
