

task contains conditional effects. turning off state domination.

 --- OK.
 Match tree built with 40 nodes.

PDDL problem description loaded: 
	Domain: GRAPEVINE
	Problem: GRAPEVINE-PROB
	#Actions: 40
	#Fluents: 48
Goals found: 3
Goals_Edges found: 5
Starting search with 1-BFWS...
--[3 / 0]--
--[2 / 0]--
--[2 / 3]--
--[1 / 0]--
--[1 / 3]--
Total time: 0.000462
Nodes generated during search: 37
Nodes expanded during search: 27
Plan found with cost: NOTFOUND
Fast-BFS search completed in 0.000462 secs


task contains conditional effects. turning off state domination.

 --- OK.
 Match tree built with 40 nodes.

PDDL problem description loaded: 
	Domain: GRAPEVINE
	Problem: GRAPEVINE-PROB
	#Actions: 40
	#Fluents: 48
Goals found: 3
Goals_Edges found: 5
Starting search with BFWS-f5...
--[3 / 0]--
--[2 / 0]--
--[2 / 3]--
--[1 / 0]--
--[1 / 3]--
--[0 / 0]--
--[0 / 3]--
Total time: 0.000402
Nodes generated during search: 255
Nodes expanded during search: 27
Plan found with cost: 3
Fast-BFS search completed in 0.000402 secs
Solving...
/usr/local/lib/python3.6/dist-packages/PDKB_Planning_Library-0.1-py3.6.egg/pdkb/planners/bfws --domain pdkb-domain.pddl  --problem pdkb-problem.pddl --output pdkb-plan.txt --1-BFWS 1
/usr/local/lib/python3.6/dist-packages/PDKB_Planning_Library-0.1-py3.6.egg/pdkb/planners/bfws --domain pdkb-domain.pddl  --problem pdkb-problem.pddl --output pdkb-plan.txt --BFWS-f5 1 --max_novelty 1
Done!
