

task contains conditional effects. turning off state domination.

 --- OK.
 Match tree built with 332 nodes.

PDDL problem description loaded: 
	Domain: GRID
	Problem: GRID-PROB
	#Actions: 332
	#Fluents: 511
Goals found: 43
Goals_Edges found: 43
Starting search with 1-BFWS...
--[39 / 0]--
--[38 / 0]--
--[38 / 3]--
--[37 / 0]--
--[37 / 11]--
--[36 / 0]--
--[36 / 1]--
--[36 / 3]--
--[35 / 0]--
--[35 / 3]--
--[34 / 0]--
--[34 / 11]--
--[33 / 0]--
--[33 / 3]--
--[32 / 0]--
--[32 / 11]--
--[31 / 0]--
--[31 / 2]--
--[31 / 3]--
--[30 / 0]--
--[30 / 3]--
--[29 / 0]--
--[29 / 11]--
--[28 / 0]--
--[28 / 3]--
--[27 / 0]--
--[27 / 3]--
--[26 / 0]--
--[26 / 11]--
--[25 / 0]--
--[25 / 3]--
--[24 / 0]--
--[24 / 3]--
--[23 / 0]--
--[23 / 3]--
--[22 / 0]--
--[22 / 11]--
--[21 / 0]--
--[21 / 3]--
--[20 / 0]--
--[20 / 11]--
--[19 / 0]--
--[19 / 6]--
--[18 / 0]--
--[18 / 11]--
--[17 / 0]--
--[17 / 3]--
--[16 / 0]--
--[16 / 11]--
--[15 / 0]--
--[15 / 3]--
--[15 / 5]--
--[15 / 6]--
--[14 / 0]--
--[14 / 6]--
--[13 / 0]--
--[13 / 3]--
--[12 / 0]--
--[12 / 11]--
--[11 / 0]--
--[11 / 6]--
--[10 / 0]--
--[10 / 3]--
--[10 / 4]--
--[10 / 5]--
--[10 / 6]--
--[9 / 0]--
--[9 / 6]--
--[8 / 0]--
--[8 / 3]--
--[8 / 4]--
--[8 / 5]--
--[8 / 6]--
--[7 / 0]--
--[7 / 6]--
--[7 / 7]--
--[7 / 8]--
--[7 / 9]--
--[5 / 0]--
--[5 / 9]--
--[3 / 0]--
--[3 / 13]--
--[3 / 15]--
--[3 / 16]--
--[3 / 18]--
--[3 / 19]--
--[3 / 20]--
--[3 / 21]--
--[3 / 22]--
--[2 / 0]--
--[2 / 15]--
--[2 / 17]--
--[2 / 25]--
--[1 / 0]--
--[1 / 27]--
--[0 / 0]--
--[0 / 12]--
Total time: 0.028792
Nodes generated during search: 1894
Nodes expanded during search: 487
Plan found with cost: 62
Fast-BFS search completed in 0.028792 secs
Solving...
/usr/local/lib/python3.6/dist-packages/PDKB_Planning_Library-0.1-py3.6.egg/pdkb/planners/bfws --domain pdkb-domain.pddl  --problem pdkb-problem.pddl --output pdkb-plan.txt --1-BFWS 1
Done!
