 --- OK.
 Match tree built with 105 nodes.

PDDL problem description loaded: 
	Domain: HANABI
	Problem: HANABI-PROB
	#Actions: 105
	#Fluents: 1125
Goals found: 3
Goals_Edges found: 3
Starting search with 1-BFWS...
--[3 / 0]--
--[3 / 10]--
--[3 / 14]--
--[3 / 15]--
--[3 / 17]--
--[3 / 20]--
--[3 / 24]--
--[3 / 28]--
--[3 / 30]--
--[3 / 34]--
--[3 / 35]--
--[3 / 38]--
--[3 / 42]--
--[3 / 47]--
--[3 / 51]--
--[3 / 61]--
--[3 / 65]--
--[3 / 66]--
--[3 / 70]--
--[3 / 75]--
--[3 / 79]--
--[3 / 89]--
--[3 / 93]--
--[3 / 98]--
--[3 / 101]--
--[3 / 106]--
--[3 / 107]--
--[3 / 108]--
--[3 / 110]--
--[3 / 112]--
--[3 / 116]--
--[3 / 124]--
--[3 / 126]--
--[3 / 130]--
--[3 / 134]--
--[3 / 138]--
--[3 / 142]--
--[3 / 144]--
--[3 / 149]--
--[3 / 151]--
--[3 / 154]--
--[3 / 158]--
--[3 / 163]--
--[3 / 165]--
--[3 / 168]--
--[3 / 172]--
--[3 / 175]--
--[3 / 177]--
--[3 / 179]--
--[3 / 180]--
--[3 / 186]--
--[3 / 191]--
--[3 / 193]--
--[3 / 195]--
--[3 / 198]--
--[3 / 209]--
--[3 / 210]--
--[3 / 214]--
--[3 / 215]--
--[3 / 219]--
--[3 / 223]--
--[3 / 224]--
--[3 / 228]--
--[3 / 230]--
--[3 / 237]--
--[3 / 238]--
--[3 / 240]--
--[3 / 242]--
--[3 / 246]--
--[3 / 247]--
--[3 / 251]--
--[3 / 252]--
--[3 / 254]--
--[3 / 256]--
--[3 / 260]--
--[3 / 265]--
--[3 / 268]--
--[3 / 273]--
--[3 / 274]--
--[3 / 279]--
--[3 / 280]--
--[3 / 282]--
--[3 / 289]--
--[3 / 293]--
--[3 / 300]--
--[3 / 302]--
--[3 / 311]--
--[3 / 316]--
--[3 / 317]--
--[3 / 325]--
--[3 / 326]--
--[3 / 330]--
--[3 / 344]--
--[3 / 349]--
--[3 / 350]--
--[3 / 354]--
--[3 / 361]--
--[3 / 367]--
--[3 / 368]--
--[3 / 375]--
--[3 / 377]--
--[3 / 381]--
--[3 / 385]--
--[3 / 395]--
--[3 / 397]--
--[3 / 399]--
--[3 / 404]--
--[3 / 405]--
--[3 / 407]--
--[3 / 411]--
--[3 / 413]--
--[3 / 416]--
--[3 / 418]--
--[3 / 423]--
--[3 / 427]--
--[3 / 428]--
--[3 / 430]--
--[3 / 432]--
--[3 / 434]--
--[3 / 435]--
--[3 / 442]--
--[2 / 0]--
--[2 / 444]--
--[1 / 0]--
--[1 / 135]--
--[1 / 137]--
--[1 / 138]--
--[1 / 142]--
--[1 / 144]--
--[0 / 0]--
--[0 / 160]--
Total time: 8.1347
Nodes generated during search: 22588
Nodes expanded during search: 21180
Plan found with cost: 45
Fast-BFS search completed in 8.1347 secs
Solving...
/usr/local/lib/python3.6/dist-packages/PDKB_Planning_Library-0.1-py3.6.egg/pdkb/planners/bfws --domain pdkb-domain.pddl  --problem pdkb-problem.pddl --output pdkb-plan.txt --1-BFWS 1
Done!
