

task contains conditional effects. turning off state domination.

 --- OK.
 Match tree built with 208 nodes.

PDDL problem description loaded: 
	Domain: GRID
	Problem: GRID-PROB
	#Actions: 208
	#Fluents: 384
Goals found: 36
Goals_Edges found: 36
Starting search with 1-BFWS...
--[24 / 0]--
--[24 / 3]--
--[22 / 0]--
--[22 / 7]--
--[21 / 0]--
--[21 / 6]--
--[21 / 8]--
--[20 / 0]--
--[20 / 5]--
--[20 / 8]--
--[19 / 0]--
--[19 / 5]--
--[19 / 8]--
--[18 / 0]--
--[18 / 5]--
--[18 / 8]--
--[17 / 0]--
--[17 / 8]--
--[15 / 0]--
--[15 / 10]--
--[12 / 0]--
--[12 / 6]--
--[12 / 10]--
--[11 / 0]--
--[11 / 8]--
--[9 / 0]--
--[9 / 10]--
--[8 / 0]--
--[8 / 6]--
--[8 / 8]--
--[7 / 0]--
--[7 / 8]--
--[6 / 0]--
--[6 / 8]--
--[6 / 11]--
--[5 / 0]--
--[5 / 8]--
--[5 / 11]--
--[4 / 0]--
--[4 / 8]--
--[4 / 11]--
--[4 / 14]--
--[4 / 17]--
--[4 / 19]--
--[4 / 20]--
--[4 / 22]--
--[4 / 23]--
--[4 / 24]--
--[4 / 25]--
--[4 / 26]--
--[4 / 28]--
--[4 / 29]--
--[4 / 30]--
--[4 / 31]--
--[4 / 32]--
--[4 / 34]--
--[4 / 35]--
--[4 / 36]--
--[4 / 39]--
--[4 / 42]--
--[3 / 0]--
--[3 / 30]--
--[2 / 0]--
--[2 / 5]--
--[2 / 8]--
--[2 / 11]--
--[2 / 13]--
--[2 / 14]--
--[2 / 15]--
--[2 / 23]--
--[2 / 25]--
--[2 / 26]--
--[2 / 34]--
--[2 / 39]--
--[2 / 42]--
--[0 / 0]--
--[0 / 6]--
Total time: 0.200404
Nodes generated during search: 10153
Nodes expanded during search: 4804
Plan found with cost: 43
Fast-BFS search completed in 0.200404 secs
Solving...
/usr/local/lib/python3.6/dist-packages/PDKB_Planning_Library-0.1-py3.6.egg/pdkb/planners/bfws --domain pdkb-domain.pddl  --problem pdkb-problem.pddl --output pdkb-plan.txt --1-BFWS 1
Done!
