
warning: empty con/disjunction in domain definition. simplifying.



task contains conditional effects. turning off state domination.

 --- OK.
 Match tree built with 113 nodes.

PDDL problem description loaded: 
	Domain: GRAPEVINE
	Problem: GRAPEVINE-PROB
	#Actions: 113
	#Fluents: 933
Goals found: 24
Goals_Edges found: 168
Starting search with 1-BFWS...
--[156 / 0]--
--[156 / 17]--
--[131 / 0]--
--[131 / 101]--
--[117 / 0]--
--[117 / 87]--
--[92 / 0]--
--[92 / 87]--
--[92 / 167]--
--[92 / 168]--
--[78 / 0]--
--[78 / 87]--
--[53 / 0]--
--[53 / 84]--
--[53 / 85]--
--[53 / 167]--
--[53 / 168]--
--[53 / 172]--
--[53 / 251]--
--[53 / 253]--
--[53 / 334]--
--[39 / 0]--
--[39 / 87]--
--[14 / 0]--
--[14 / 84]--
--[14 / 166]--
--[14 / 167]--
--[14 / 170]--
--[0 / 0]--
--[0 / 84]--
Total time: 0.554483
Nodes generated during search: 1238
Nodes expanded during search: 330
Plan found with cost: 23
Fast-BFS search completed in 0.554483 secs
Solving...
/usr/local/lib/python3.6/dist-packages/PDKB_Planning_Library-0.1-py3.6.egg/pdkb/planners/bfws --domain pdkb-domain.pddl  --problem pdkb-problem.pddl --output pdkb-plan.txt --1-BFWS 1
Done!
