
warning: empty con/disjunction in domain definition. simplifying.



task contains conditional effects. turning off state domination.

 --- OK.
 Match tree built with 417 nodes.

PDDL problem description loaded: 
	Domain: GRAPEVINE
	Problem: GRAPEVINE-PROB
	#Actions: 417
	#Fluents: 584
Goals found: 16
Goals_Edges found: 80
Starting search with 1-BFWS...
--[72 / 0]--
--[72 / 2]--
--[72 / 23]--
--[72 / 24]--
--[63 / 0]--
--[63 / 24]--
--[63 / 47]--
--[54 / 0]--
--[54 / 26]--
--[45 / 0]--
--[45 / 23]--
--[45 / 24]--
--[36 / 0]--
--[36 / 22]--
--[36 / 24]--
--[36 / 25]--
--[27 / 0]--
--[27 / 24]--
--[10 / 0]--
--[10 / 24]--
--[10 / 25]--
--[10 / 27]--
--[9 / 0]--
--[9 / 23]--
--[9 / 24]--
--[0 / 0]--
--[0 / 24]--
Total time: 0.039591
Nodes generated during search: 970
Nodes expanded during search: 260
Plan found with cost: 16
Fast-BFS search completed in 0.039591 secs
Solving...
/usr/local/lib/python3.6/dist-packages/PDKB_Planning_Library-0.1-py3.6.egg/pdkb/planners/bfws --domain pdkb-domain.pddl  --problem pdkb-problem.pddl --output pdkb-plan.txt --1-BFWS 1
Done!
